Base path: C:/Program Files/Unity/Editor/Data
Cmd: initializeCompiler
Cmd: disassembleShader
  api=5 insize=1491 outsize=1491 ok=1
Cmd: disassembleShader
  api=9 insize=2053 outsize=2053 ok=1
Cmd: disassembleShader
  api=18 insize=1399 outsize=13607 ok=1
Cmd: disassembleShader
  api=9 insize=0 outsize=57 ok=1
Cmd: disassembleShader
  api=9 insize=0 outsize=57 ok=1
Cmd: disassembleShader
  api=5 insize=0 outsize=57 ok=1
Cmd: disassembleShader
  api=9 insize=0 outsize=57 ok=1
Cmd: disassembleShader
  api=18 insize=0 outsize=1 ok=1
Cmd: disassembleShader
  api=5 insize=3757 outsize=3757 ok=1
Cmd: disassembleShader
  api=9 insize=4254 outsize=4254 ok=1
Cmd: disassembleShader
  api=18 insize=2811 outsize=28423 ok=1
Cmd: disassembleShader
  api=5 insize=5422 outsize=5422 ok=1
Cmd: disassembleShader
  api=9 insize=6321 outsize=6321 ok=1
Cmd: disassembleShader
  api=18 insize=3756 outsize=39047 ok=1
Cmd: disassembleShader
  api=9 insize=5580 outsize=5580 ok=1
Cmd: disassembleShader
  api=9 insize=5580 outsize=5580 ok=1
Cmd: disassembleShader
  api=18 insize=3683 outsize=36316 ok=1
Cmd: disassembleShader
  api=5 insize=7442 outsize=7442 ok=1
Cmd: disassembleShader
  api=9 insize=7918 outsize=7918 ok=1
Cmd: disassembleShader
  api=18 insize=4808 outsize=48474 ok=1
Cmd: disassembleShader
  api=5 insize=4124 outsize=4124 ok=1
Cmd: disassembleShader
  api=9 insize=4506 outsize=4506 ok=1
Cmd: disassembleShader
  api=18 insize=2952 outsize=29872 ok=1
Cmd: disassembleShader
  api=5 insize=5788 outsize=5788 ok=1
Cmd: disassembleShader
  api=18 insize=3899 outsize=40483 ok=1
Cmd: disassembleShader
  api=5 insize=6076 outsize=6076 ok=1
Cmd: disassembleShader
  api=9 insize=5832 outsize=5832 ok=1
Cmd: disassembleShader
  api=18 insize=3824 outsize=37765 ok=1
Cmd: disassembleShader
  api=9 insize=8145 outsize=8145 ok=1
Cmd: disassembleShader
  api=18 insize=4951 outsize=49910 ok=1
Cmd: disassembleShader
  api=5 insize=4043 outsize=4043 ok=1
Cmd: disassembleShader
  api=9 insize=4567 outsize=4567 ok=1
Cmd: disassembleShader
  api=5 insize=5708 outsize=5708 ok=1
Cmd: disassembleShader
  api=5 insize=5708 outsize=5708 ok=1
Cmd: disassembleShader
  api=18 insize=4031 outsize=41287 ok=1
Cmd: disassembleShader
  api=5 insize=5997 outsize=5997 ok=1
Cmd: disassembleShader
  api=9 insize=5897 outsize=5897 ok=1
Cmd: disassembleShader
  api=5 insize=7730 outsize=7730 ok=1
Cmd: disassembleShader
  api=9 insize=8235 outsize=8235 ok=1
Cmd: disassembleShader
  api=18 insize=5079 outsize=50726 ok=1
Cmd: disassembleShader
  api=9 insize=4819 outsize=4819 ok=1
Cmd: disassembleShader
  api=18 insize=3230 outsize=32113 ok=1
Cmd: disassembleShader
  api=5 insize=6074 outsize=6074 ok=1
Cmd: disassembleShader
  api=18 insize=4174 outsize=42723 ok=1
Cmd: disassembleShader
  api=5 insize=6364 outsize=6364 ok=1
Cmd: disassembleShader
  api=9 insize=6149 outsize=6149 ok=1
Cmd: disassembleShader
  api=5 insize=8096 outsize=8096 ok=1
Cmd: disassembleShader
  api=9 insize=8462 outsize=8462 ok=1
Cmd: disassembleShader
  api=18 insize=5222 outsize=52162 ok=1
Cmd: disassembleShader
  api=5 insize=0 outsize=57 ok=1
Cmd: disassembleShader
  api=9 insize=0 outsize=57 ok=1
Cmd: disassembleShader
  api=18 insize=0 outsize=1 ok=1
Cmd: disassembleShader
  api=5 insize=0 outsize=57 ok=1
Cmd: disassembleShader
  api=18 insize=0 outsize=1 ok=1
Cmd: disassembleShader
  api=9 insize=0 outsize=57 ok=1
Cmd: disassembleShader
  api=5 insize=0 outsize=57 ok=1
Cmd: disassembleShader
  api=9 insize=0 outsize=57 ok=1
Cmd: disassembleShader
  api=18 insize=0 outsize=1 ok=1
Cmd: disassembleShader
  api=9 insize=0 outsize=57 ok=1
Cmd: disassembleShader
  api=18 insize=0 outsize=1 ok=1
Cmd: disassembleShader
  api=5 insize=0 outsize=57 ok=1
Cmd: disassembleShader
  api=18 insize=0 outsize=1 ok=1
Cmd: disassembleShader
  api=5 insize=0 outsize=57 ok=1
Cmd: disassembleShader
  api=9 insize=0 outsize=57 ok=1
Cmd: disassembleShader
  api=18 insize=0 outsize=1 ok=1
Cmd: disassembleShader
  api=5 insize=0 outsize=57 ok=1
Cmd: disassembleShader
  api=18 insize=0 outsize=1 ok=1
Cmd: disassembleShader
  api=5 insize=2981 outsize=2981 ok=1
Cmd: disassembleShader
  api=9 insize=3629 outsize=3629 ok=1
Cmd: disassembleShader
  api=18 insize=2244 outsize=22623 ok=1
Cmd: disassembleShader
  api=9 insize=2795 outsize=2795 ok=1
Cmd: disassembleShader
  api=18 insize=1853 outsize=18716 ok=1
Cmd: disassembleShader
  api=9 insize=4076 outsize=4076 ok=1
Cmd: disassembleShader
  api=18 insize=2571 outsize=26165 ok=1
Cmd: disassembleShader
  api=5 insize=3073 outsize=3073 ok=1
Cmd: disassembleShader
  api=9 insize=3799 outsize=3799 ok=1
Cmd: disassembleShader
  api=5 insize=2879 outsize=2879 ok=1
Cmd: disassembleShader
  api=5 insize=2879 outsize=2879 ok=1
Cmd: disassembleShader
  api=18 insize=2156 outsize=21851 ok=1
Cmd: disassembleShader
  api=5 insize=3348 outsize=3348 ok=1
Cmd: disassembleShader
  api=9 insize=3880 outsize=3880 ok=1
Cmd: disassembleShader
  api=18 insize=2424 outsize=24448 ok=1
Cmd: disassembleShader
  api=5 insize=2858 outsize=2858 ok=1
Cmd: disassembleShader
  api=18 insize=1994 outsize=20165 ok=1
Cmd: disassembleShader
  api=5 insize=3685 outsize=3685 ok=1
Cmd: disassembleShader
  api=9 insize=4299 outsize=4299 ok=1
Cmd: disassembleShader
  api=5 insize=3440 outsize=3440 ok=1
Cmd: disassembleShader
  api=5 insize=3440 outsize=3440 ok=1
Cmd: disassembleShader
  api=18 insize=2526 outsize=25709 ok=1
Cmd: disassembleShader
  api=5 insize=3246 outsize=3246 ok=1
Cmd: disassembleShader
  api=9 insize=3626 outsize=3626 ok=1
Cmd: disassembleShader
  api=18 insize=2284 outsize=23258 ok=1
Cmd: disassembleShader
  api=9 insize=3942 outsize=3942 ok=1
Cmd: disassembleShader
  api=18 insize=2513 outsize=24853 ok=1
Cmd: disassembleShader
  api=5 insize=2775 outsize=2775 ok=1
Cmd: disassembleShader
  api=9 insize=3108 outsize=3108 ok=1
Cmd: disassembleShader
  api=5 insize=3604 outsize=3604 ok=1
Cmd: disassembleShader
  api=9 insize=4389 outsize=4389 ok=1
Cmd: disassembleShader
  api=18 insize=2840 outsize=28395 ok=1
Cmd: disassembleShader
  api=9 insize=4112 outsize=4112 ok=1
Cmd: disassembleShader
  api=5 insize=3165 outsize=3165 ok=1
Cmd: disassembleShader
  api=5 insize=3165 outsize=3165 ok=1
Cmd: disassembleShader
  api=9 insize=3698 outsize=3698 ok=1
Cmd: disassembleShader
  api=18 insize=2425 outsize=24081 ok=1
Cmd: disassembleShader
  api=9 insize=4193 outsize=4193 ok=1
Cmd: disassembleShader
  api=18 insize=2693 outsize=26678 ok=1
Cmd: disassembleShader
  api=5 insize=3144 outsize=3144 ok=1
Cmd: disassembleShader
  api=18 insize=2263 outsize=22395 ok=1
Cmd: disassembleShader
  api=5 insize=3971 outsize=3971 ok=1
Cmd: disassembleShader
  api=9 insize=4612 outsize=4612 ok=1
Cmd: disassembleShader
  api=18 insize=3016 outsize=30108 ok=1
Cmd: disassembleShader
  api=5 insize=3726 outsize=3726 ok=1
Cmd: disassembleShader
  api=18 insize=2795 outsize=27939 ok=1
Cmd: disassembleShader
  api=5 insize=3532 outsize=3532 ok=1
Cmd: disassembleShader
  api=18 insize=2553 outsize=25488 ok=1
Cmd: disassembleShader
  api=5 insize=0 outsize=57 ok=1
Cmd: disassembleShader
  api=9 insize=0 outsize=57 ok=1
Cmd: disassembleShader
  api=5 insize=0 outsize=57 ok=1
Cmd: disassembleShader
  api=9 insize=0 outsize=57 ok=1
Cmd: disassembleShader
  api=18 insize=0 outsize=1 ok=1
Cmd: disassembleShader
  api=9 insize=0 outsize=57 ok=1
Cmd: disassembleShader
  api=18 insize=0 outsize=1 ok=1
Cmd: disassembleShader
  api=9 insize=0 outsize=57 ok=1
Cmd: disassembleShader
  api=18 insize=0 outsize=1 ok=1
Cmd: disassembleShader
  api=9 insize=0 outsize=57 ok=1
Cmd: disassembleShader
  api=18 insize=0 outsize=1 ok=1
Cmd: disassembleShader
  api=5 insize=0 outsize=57 ok=1
Cmd: disassembleShader
  api=18 insize=0 outsize=1 ok=1
Cmd: disassembleShader
  api=5 insize=0 outsize=57 ok=1
Cmd: disassembleShader
  api=9 insize=0 outsize=57 ok=1
Cmd: disassembleShader
  api=5 insize=0 outsize=57 ok=1
Cmd: disassembleShader
  api=9 insize=0 outsize=57 ok=1
Cmd: disassembleShader
  api=5 insize=0 outsize=57 ok=1
Cmd: disassembleShader
  api=9 insize=0 outsize=57 ok=1
Cmd: disassembleShader
  api=5 insize=0 outsize=57 ok=1
Cmd: disassembleShader
  api=9 insize=0 outsize=57 ok=1
Cmd: disassembleShader
  api=18 insize=0 outsize=1 ok=1
Cmd: disassembleShader
  api=9 insize=0 outsize=57 ok=1
Cmd: disassembleShader
  api=18 insize=0 outsize=1 ok=1
Cmd: disassembleShader
  api=5 insize=0 outsize=57 ok=1
Cmd: disassembleShader
  api=9 insize=0 outsize=57 ok=1
Cmd: disassembleShader
  api=18 insize=0 outsize=1 ok=1
Cmd: disassembleShader
  api=18 insize=0 outsize=1 ok=1
Cmd: disassembleShader
  api=9 insize=0 outsize=57 ok=1
Cmd: disassembleShader
  api=9 insize=0 outsize=57 ok=1
Cmd: disassembleShader
  api=5 insize=0 outsize=57 ok=1
Cmd: disassembleShader
  api=9 insize=0 outsize=57 ok=1
Cmd: disassembleShader
  api=18 insize=0 outsize=1 ok=1
Cmd: disassembleShader
  api=9 insize=0 outsize=57 ok=1
Cmd: disassembleShader
  api=18 insize=0 outsize=1 ok=1
Cmd: disassembleShader
  api=5 insize=0 outsize=57 ok=1
Cmd: disassembleShader
  api=18 insize=0 outsize=1 ok=1
Cmd: disassembleShader
  api=5 insize=0 outsize=57 ok=1
Cmd: disassembleShader
  api=9 insize=0 outsize=57 ok=1
Cmd: disassembleShader
  api=5 insize=0 outsize=57 ok=1
Cmd: disassembleShader
  api=9 insize=0 outsize=57 ok=1
Cmd: disassembleShader
  api=18 insize=0 outsize=1 ok=1
Cmd: disassembleShader
  api=9 insize=0 outsize=57 ok=1
Cmd: disassembleShader
  api=18 insize=0 outsize=1 ok=1
Cmd: disassembleShader
  api=5 insize=0 outsize=57 ok=1
Cmd: disassembleShader
  api=18 insize=0 outsize=1 ok=1
Cmd: disassembleShader
  api=5 insize=1490 outsize=1490 ok=1
Cmd: disassembleShader
  api=9 insize=2008 outsize=2008 ok=1
Cmd: disassembleShader
  api=18 insize=1354 outsize=12820 ok=1
Cmd: disassembleShader
  api=9 insize=2008 outsize=2008 ok=1
Cmd: disassembleShader
  api=18 insize=1354 outsize=12820 ok=1
Cmd: disassembleShader
  api=5 insize=1771 outsize=1771 ok=1
Cmd: disassembleShader
  api=9 insize=2321 outsize=2321 ok=1
Cmd: disassembleShader
  api=18 insize=1624 outsize=15050 ok=1
Cmd: disassembleShader
  api=9 insize=2321 outsize=2321 ok=1
Cmd: disassembleShader
  api=18 insize=1624 outsize=15050 ok=1
Cmd: disassembleShader
  api=5 insize=0 outsize=57 ok=1
Cmd: disassembleShader
  api=9 insize=0 outsize=57 ok=1
Cmd: disassembleShader
  api=18 insize=0 outsize=1 ok=1
Cmd: disassembleShader
  api=9 insize=0 outsize=57 ok=1
Cmd: disassembleShader
  api=18 insize=0 outsize=1 ok=1
Cmd: disassembleShader
  api=5 insize=0 outsize=57 ok=1
Cmd: disassembleShader
  api=18 insize=0 outsize=1 ok=1
Cmd: disassembleShader
  api=5 insize=0 outsize=57 ok=1
Cmd: disassembleShader
  api=18 insize=0 outsize=1 ok=1
Cmd: disassembleShader
  api=5 insize=3733 outsize=3733 ok=1
Cmd: disassembleShader
  api=9 insize=4446 outsize=4446 ok=1
Cmd: disassembleShader
  api=18 insize=2925 outsize=28917 ok=1
Cmd: disassembleShader
  api=9 insize=4400 outsize=4400 ok=1
Cmd: disassembleShader
  api=18 insize=2877 outsize=28342 ok=1
Cmd: disassembleShader
  api=9 insize=4698 outsize=4698 ok=1
Cmd: disassembleShader
  api=18 insize=3092 outsize=30723 ok=1
Cmd: disassembleShader
  api=9 insize=4652 outsize=4652 ok=1
Cmd: disassembleShader
  api=18 insize=3044 outsize=30141 ok=1
Cmd: disassembleShader
  api=5 insize=4020 outsize=4020 ok=1
Cmd: disassembleShader
  api=18 insize=3198 outsize=31093 ok=1
Cmd: disassembleShader
  api=5 insize=4064 outsize=4064 ok=1
Cmd: disassembleShader
  api=9 insize=4717 outsize=4717 ok=1
Cmd: disassembleShader
  api=18 insize=3150 outsize=30518 ok=1
Cmd: disassembleShader
  api=5 insize=4379 outsize=4379 ok=1
Cmd: disassembleShader
  api=18 insize=3365 outsize=32899 ok=1
Cmd: disassembleShader
  api=5 insize=4427 outsize=4427 ok=1
Cmd: disassembleShader
  api=9 insize=4969 outsize=4969 ok=1
Cmd: disassembleShader
  api=5 insize=0 outsize=57 ok=1
Cmd: disassembleShader
  api=18 insize=0 outsize=1 ok=1
Cmd: disassembleShader
  api=5 insize=0 outsize=57 ok=1
Cmd: disassembleShader
  api=9 insize=0 outsize=57 ok=1
Cmd: disassembleShader
  api=5 insize=0 outsize=57 ok=1
Cmd: disassembleShader
  api=9 insize=0 outsize=57 ok=1
Cmd: disassembleShader
  api=18 insize=0 outsize=1 ok=1
Cmd: disassembleShader
  api=9 insize=0 outsize=57 ok=1
Cmd: disassembleShader
  api=18 insize=0 outsize=1 ok=1
Cmd: disassembleShader
  api=5 insize=0 outsize=57 ok=1
Cmd: disassembleShader
  api=9 insize=0 outsize=57 ok=1
Cmd: disassembleShader
  api=18 insize=0 outsize=1 ok=1
Cmd: disassembleShader
  api=5 insize=0 outsize=57 ok=1
Cmd: disassembleShader
  api=9 insize=0 outsize=57 ok=1
Cmd: disassembleShader
  api=18 insize=0 outsize=1 ok=1
Cmd: disassembleShader
  api=5 insize=0 outsize=57 ok=1
Cmd: disassembleShader
  api=9 insize=0 outsize=57 ok=1
Cmd: disassembleShader
  api=18 insize=0 outsize=1 ok=1
Cmd: disassembleShader
  api=5 insize=0 outsize=57 ok=1
Cmd: disassembleShader
  api=9 insize=0 outsize=57 ok=1
Cmd: disassembleShader
  api=18 insize=0 outsize=1 ok=1
Cmd: disassembleShader
  api=5 insize=4024 outsize=4024 ok=1
Cmd: disassembleShader
  api=9 insize=4356 outsize=4356 ok=1
Cmd: disassembleShader
  api=18 insize=2764 outsize=27538 ok=1
Cmd: disassembleShader
  api=9 insize=4310 outsize=4310 ok=1
Cmd: disassembleShader
  api=18 insize=2738 outsize=27174 ok=1
Cmd: disassembleShader
  api=9 insize=4608 outsize=4608 ok=1
Cmd: disassembleShader
  api=18 insize=2936 outsize=29395 ok=1
Cmd: disassembleShader
  api=5 insize=4272 outsize=4272 ok=1
Cmd: disassembleShader
  api=9 insize=4562 outsize=4562 ok=1
Cmd: disassembleShader
  api=18 insize=2910 outsize=29030 ok=1
Cmd: disassembleShader
  api=9 insize=4669 outsize=4669 ok=1
Cmd: disassembleShader
  api=18 insize=3041 outsize=29779 ok=1
Cmd: disassembleShader
  api=5 insize=4192 outsize=4192 ok=1
Cmd: disassembleShader
  api=18 insize=3015 outsize=29415 ok=1
Cmd: disassembleShader
  api=9 insize=4921 outsize=4921 ok=1
Cmd: disassembleShader
  api=18 insize=3213 outsize=31636 ok=1
Cmd: disassembleShader
  api=5 insize=4558 outsize=4558 ok=1
Cmd: disassembleShader
  api=18 insize=3187 outsize=31271 ok=1
Cmd: disassembleShader
  api=9 insize=0 outsize=57 ok=1
Cmd: disassembleShader
  api=18 insize=0 outsize=1 ok=1
Cmd: disassembleShader
  api=5 insize=0 outsize=57 ok=1
Cmd: disassembleShader
  api=9 insize=0 outsize=57 ok=1
Cmd: disassembleShader
  api=5 insize=0 outsize=57 ok=1
Cmd: disassembleShader
  api=18 insize=0 outsize=1 ok=1
Cmd: disassembleShader
  api=9 insize=0 outsize=57 ok=1
Cmd: disassembleShader
  api=18 insize=0 outsize=1 ok=1
Cmd: disassembleShader
  api=5 insize=0 outsize=57 ok=1
Cmd: disassembleShader
  api=18 insize=0 outsize=1 ok=1
Cmd: disassembleShader
  api=5 insize=0 outsize=57 ok=1
Cmd: disassembleShader
  api=9 insize=0 outsize=57 ok=1
Cmd: disassembleShader
  api=5 insize=0 outsize=57 ok=1
Cmd: disassembleShader
  api=9 insize=0 outsize=57 ok=1
Cmd: disassembleShader
  api=18 insize=0 outsize=1 ok=1
Cmd: disassembleShader
  api=9 insize=0 outsize=57 ok=1
Cmd: disassembleShader
  api=18 insize=0 outsize=1 ok=1
Unhandled exception: Protocol error - failed to read correct magic number

Quitting shader compiler process
