Base path: C:/Program Files/Unity/Editor/Data
Cmd: initializeCompiler
Cmd: disassembleShader
  api=9 insize=2053 outsize=2053 ok=1
Cmd: disassembleShader
  api=5 insize=1580 outsize=1580 ok=1
Cmd: disassembleShader
  api=5 insize=1580 outsize=1580 ok=1
Cmd: disassembleShader
  api=5 insize=1580 outsize=1580 ok=1
Cmd: disassembleShader
  api=9 insize=2301 outsize=2301 ok=1
Cmd: disassembleShader
  api=9 insize=2301 outsize=2301 ok=1
Cmd: disassembleShader
  api=9 insize=2301 outsize=2301 ok=1
Cmd: disassembleShader
  api=18 insize=1524 outsize=14852 ok=1
Cmd: disassembleShader
  api=18 insize=1524 outsize=14852 ok=1
Cmd: disassembleShader
  api=5 insize=0 outsize=57 ok=1
Cmd: disassembleShader
  api=18 insize=0 outsize=1 ok=1
Cmd: disassembleShader
  api=5 insize=0 outsize=57 ok=1
Cmd: disassembleShader
  api=9 insize=0 outsize=57 ok=1
Cmd: disassembleShader
  api=18 insize=0 outsize=1 ok=1
Cmd: disassembleShader
  api=5 insize=3757 outsize=3757 ok=1
Cmd: disassembleShader
  api=18 insize=2811 outsize=28423 ok=1
Cmd: disassembleShader
  api=5 insize=5422 outsize=5422 ok=1
Cmd: disassembleShader
  api=9 insize=6321 outsize=6321 ok=1
Cmd: disassembleShader
  api=18 insize=3756 outsize=39047 ok=1
Cmd: disassembleShader
  api=5 insize=5709 outsize=5709 ok=1
Cmd: disassembleShader
  api=5 insize=5709 outsize=5709 ok=1
Cmd: disassembleShader
  api=9 insize=5580 outsize=5580 ok=1
Cmd: disassembleShader
  api=18 insize=3683 outsize=36316 ok=1
Cmd: disassembleShader
  api=5 insize=7442 outsize=7442 ok=1
Cmd: disassembleShader
  api=9 insize=7918 outsize=7918 ok=1
Cmd: disassembleShader
  api=18 insize=4808 outsize=48474 ok=1
Cmd: disassembleShader
  api=5 insize=4124 outsize=4124 ok=1
Cmd: disassembleShader
  api=9 insize=4506 outsize=4506 ok=1
Cmd: disassembleShader
  api=18 insize=2952 outsize=29872 ok=1
Cmd: disassembleShader
  api=5 insize=5788 outsize=5788 ok=1
Cmd: disassembleShader
  api=9 insize=6548 outsize=6548 ok=1
Cmd: disassembleShader
  api=18 insize=3899 outsize=40483 ok=1
Cmd: disassembleShader
  api=5 insize=6076 outsize=6076 ok=1
Cmd: disassembleShader
  api=18 insize=3824 outsize=37765 ok=1
Cmd: disassembleShader
  api=5 insize=7808 outsize=7808 ok=1
Cmd: disassembleShader
  api=18 insize=4951 outsize=49910 ok=1
Cmd: disassembleShader
  api=18 insize=3089 outsize=30664 ok=1
Cmd: disassembleShader
  api=5 insize=5708 outsize=5708 ok=1
Cmd: disassembleShader
  api=9 insize=6634 outsize=6634 ok=1
Cmd: disassembleShader
  api=5 insize=5997 outsize=5997 ok=1
Cmd: disassembleShader
  api=9 insize=5897 outsize=5897 ok=1
Cmd: disassembleShader
  api=18 insize=3954 outsize=38570 ok=1
Cmd: disassembleShader
  api=5 insize=7730 outsize=7730 ok=1
Cmd: disassembleShader
  api=18 insize=5079 outsize=50726 ok=1
Cmd: disassembleShader
  api=5 insize=4410 outsize=4410 ok=1
Cmd: disassembleShader
  api=18 insize=3230 outsize=32113 ok=1
Cmd: disassembleShader
  api=5 insize=6074 outsize=6074 ok=1
Cmd: disassembleShader
  api=9 insize=6861 outsize=6861 ok=1
Cmd: disassembleShader
  api=18 insize=4174 outsize=42723 ok=1
Cmd: disassembleShader
  api=9 insize=6149 outsize=6149 ok=1
Cmd: disassembleShader
  api=18 insize=4095 outsize=40019 ok=1
Cmd: disassembleShader
  api=9 insize=8462 outsize=8462 ok=1
Cmd: disassembleShader
  api=18 insize=5222 outsize=52162 ok=1
Cmd: disassembleShader
  api=5 insize=0 outsize=57 ok=1
Cmd: disassembleShader
  api=18 insize=0 outsize=1 ok=1
Cmd: disassembleShader
  api=5 insize=0 outsize=57 ok=1
Cmd: disassembleShader
  api=9 insize=0 outsize=57 ok=1
Cmd: disassembleShader
  api=5 insize=0 outsize=57 ok=1
Cmd: disassembleShader
  api=9 insize=0 outsize=57 ok=1
Cmd: disassembleShader
  api=18 insize=0 outsize=1 ok=1
Cmd: disassembleShader
  api=9 insize=0 outsize=57 ok=1
Cmd: disassembleShader
  api=18 insize=0 outsize=1 ok=1
Cmd: disassembleShader
  api=5 insize=0 outsize=57 ok=1
Cmd: disassembleShader
  api=18 insize=0 outsize=1 ok=1
Cmd: disassembleShader
  api=5 insize=0 outsize=57 ok=1
Cmd: disassembleShader
  api=9 insize=0 outsize=57 ok=1
Cmd: disassembleShader
  api=5 insize=0 outsize=57 ok=1
Cmd: disassembleShader
  api=9 insize=0 outsize=57 ok=1
Cmd: disassembleShader
  api=18 insize=0 outsize=1 ok=1
Cmd: disassembleShader
  api=9 insize=0 outsize=57 ok=1
Cmd: disassembleShader
  api=18 insize=0 outsize=1 ok=1
Cmd: disassembleShader
  api=5 insize=2981 outsize=2981 ok=1
Cmd: disassembleShader
  api=9 insize=3629 outsize=3629 ok=1
Cmd: disassembleShader
  api=5 insize=2489 outsize=2489 ok=1
Cmd: disassembleShader
  api=5 insize=2489 outsize=2489 ok=1
Cmd: disassembleShader
  api=9 insize=2795 outsize=2795 ok=1
Cmd: disassembleShader
  api=18 insize=1853 outsize=18716 ok=1
Cmd: disassembleShader
  api=5 insize=3318 outsize=3318 ok=1
Cmd: disassembleShader
  api=18 insize=2571 outsize=26165 ok=1
Cmd: disassembleShader
  api=5 insize=3073 outsize=3073 ok=1
Cmd: disassembleShader
  api=9 insize=3799 outsize=3799 ok=1
Cmd: disassembleShader
  api=18 insize=2347 outsize=23900 ok=1
Cmd: disassembleShader
  api=9 insize=3385 outsize=3385 ok=1
Cmd: disassembleShader
  api=18 insize=2156 outsize=21851 ok=1
Cmd: disassembleShader
  api=9 insize=3880 outsize=3880 ok=1
Cmd: disassembleShader
  api=18 insize=2424 outsize=24448 ok=1
Cmd: disassembleShader
  api=9 insize=3052 outsize=3052 ok=1
Cmd: disassembleShader
  api=18 insize=1994 outsize=20165 ok=1
Cmd: disassembleShader
  api=9 insize=4299 outsize=4299 ok=1
Cmd: disassembleShader
  api=18 insize=2747 outsize=27878 ok=1
Cmd: disassembleShader
  api=5 insize=3440 outsize=3440 ok=1
Cmd: disassembleShader
  api=9 insize=4064 outsize=4064 ok=1
Cmd: disassembleShader
  api=5 insize=3246 outsize=3246 ok=1
Cmd: disassembleShader
  api=5 insize=3246 outsize=3246 ok=1
Cmd: disassembleShader
  api=18 insize=2284 outsize=23258 ok=1
Cmd: disassembleShader
  api=5 insize=3267 outsize=3267 ok=1
Cmd: disassembleShader
  api=9 insize=3942 outsize=3942 ok=1
Cmd: disassembleShader
  api=18 insize=2513 outsize=24853 ok=1
Cmd: disassembleShader
  api=5 insize=2775 outsize=2775 ok=1
Cmd: disassembleShader
  api=9 insize=3108 outsize=3108 ok=1
Cmd: disassembleShader
  api=18 insize=2122 outsize=20946 ok=1
Cmd: disassembleShader
  api=5 insize=3604 outsize=3604 ok=1
Cmd: disassembleShader
  api=18 insize=2840 outsize=28395 ok=1
Cmd: disassembleShader
  api=5 insize=3359 outsize=3359 ok=1
Cmd: disassembleShader
  api=18 insize=2616 outsize=26130 ok=1
Cmd: disassembleShader
  api=9 insize=3698 outsize=3698 ok=1
Cmd: disassembleShader
  api=5 insize=3634 outsize=3634 ok=1
Cmd: disassembleShader
  api=9 insize=4193 outsize=4193 ok=1
Cmd: disassembleShader
  api=18 insize=2693 outsize=26678 ok=1
Cmd: disassembleShader
  api=9 insize=3365 outsize=3365 ok=1
Cmd: disassembleShader
  api=18 insize=2263 outsize=22395 ok=1
Cmd: disassembleShader
  api=5 insize=3971 outsize=3971 ok=1
Cmd: disassembleShader
  api=9 insize=4612 outsize=4612 ok=1
Cmd: disassembleShader
  api=5 insize=3726 outsize=3726 ok=1
Cmd: disassembleShader
  api=5 insize=3726 outsize=3726 ok=1
Cmd: disassembleShader
  api=9 insize=4377 outsize=4377 ok=1
Cmd: disassembleShader
  api=18 insize=2795 outsize=27939 ok=1
Cmd: disassembleShader
  api=9 insize=3939 outsize=3939 ok=1
Cmd: disassembleShader
  api=18 insize=2553 outsize=25488 ok=1
Cmd: disassembleShader
  api=9 insize=0 outsize=57 ok=1
Cmd: disassembleShader
  api=18 insize=0 outsize=1 ok=1
Cmd: disassembleShader
  api=5 insize=0 outsize=57 ok=1
Cmd: disassembleShader
  api=9 insize=0 outsize=57 ok=1
Cmd: disassembleShader
  api=18 insize=0 outsize=1 ok=1
Cmd: disassembleShader
  api=9 insize=0 outsize=57 ok=1
Cmd: disassembleShader
  api=18 insize=0 outsize=1 ok=1
Cmd: disassembleShader
  api=9 insize=0 outsize=57 ok=1
Cmd: disassembleShader
  api=18 insize=0 outsize=1 ok=1
Cmd: disassembleShader
  api=5 insize=0 outsize=57 ok=1
Cmd: disassembleShader
  api=18 insize=0 outsize=1 ok=1
Cmd: disassembleShader
  api=5 insize=0 outsize=57 ok=1
Cmd: disassembleShader
  api=9 insize=0 outsize=57 ok=1
Cmd: disassembleShader
  api=5 insize=0 outsize=57 ok=1
Cmd: disassembleShader
  api=9 insize=0 outsize=57 ok=1
Cmd: disassembleShader
  api=5 insize=0 outsize=57 ok=1
Cmd: disassembleShader
  api=9 insize=0 outsize=57 ok=1
Cmd: disassembleShader
  api=5 insize=0 outsize=57 ok=1
Cmd: disassembleShader
  api=9 insize=0 outsize=57 ok=1
Cmd: disassembleShader
  api=18 insize=0 outsize=1 ok=1
Cmd: disassembleShader
  api=9 insize=0 outsize=57 ok=1
Cmd: disassembleShader
  api=18 insize=0 outsize=1 ok=1
Cmd: disassembleShader
  api=5 insize=0 outsize=57 ok=1
Cmd: disassembleShader
  api=18 insize=0 outsize=1 ok=1
Cmd: disassembleShader
  api=5 insize=0 outsize=57 ok=1
Cmd: disassembleShader
  api=9 insize=0 outsize=57 ok=1
Cmd: disassembleShader
  api=5 insize=0 outsize=57 ok=1
Cmd: disassembleShader
  api=9 insize=0 outsize=57 ok=1
Cmd: disassembleShader
  api=18 insize=0 outsize=1 ok=1
Cmd: disassembleShader
  api=9 insize=0 outsize=57 ok=1
Cmd: disassembleShader
  api=9 insize=0 outsize=57 ok=1
Cmd: disassembleShader
  api=5 insize=0 outsize=57 ok=1
Cmd: disassembleShader
  api=5 insize=0 outsize=57 ok=1
Cmd: disassembleShader
  api=18 insize=0 outsize=1 ok=1
Cmd: disassembleShader
  api=5 insize=0 outsize=57 ok=1
Cmd: disassembleShader
  api=9 insize=0 outsize=57 ok=1
Cmd: disassembleShader
  api=5 insize=0 outsize=57 ok=1
Cmd: disassembleShader
  api=9 insize=0 outsize=57 ok=1
Cmd: disassembleShader
  api=18 insize=0 outsize=1 ok=1
Cmd: disassembleShader
  api=9 insize=0 outsize=57 ok=1
Cmd: disassembleShader
  api=18 insize=0 outsize=1 ok=1
Cmd: disassembleShader
  api=5 insize=0 outsize=57 ok=1
Cmd: disassembleShader
  api=18 insize=0 outsize=1 ok=1
Cmd: disassembleShader
  api=18 insize=0 outsize=1 ok=1
Cmd: disassembleShader
  api=9 insize=0 outsize=57 ok=1
Cmd: disassembleShader
  api=18 insize=0 outsize=1 ok=1
Cmd: disassembleShader
  api=5 insize=1490 outsize=1490 ok=1
Cmd: disassembleShader
  api=9 insize=2008 outsize=2008 ok=1
Cmd: disassembleShader
  api=5 insize=1490 outsize=1490 ok=1
Cmd: disassembleShader
  api=5 insize=1490 outsize=1490 ok=1
Cmd: disassembleShader
  api=18 insize=1354 outsize=12820 ok=1
Cmd: disassembleShader
  api=5 insize=1771 outsize=1771 ok=1
Cmd: disassembleShader
  api=9 insize=2321 outsize=2321 ok=1
Cmd: disassembleShader
  api=5 insize=1771 outsize=1771 ok=1
Cmd: disassembleShader
  api=5 insize=1771 outsize=1771 ok=1
Cmd: disassembleShader
  api=9 insize=2321 outsize=2321 ok=1
Cmd: disassembleShader
  api=5 insize=0 outsize=57 ok=1
Cmd: disassembleShader
  api=9 insize=0 outsize=57 ok=1
Cmd: disassembleShader
  api=5 insize=0 outsize=57 ok=1
Cmd: disassembleShader
  api=9 insize=0 outsize=57 ok=1
Cmd: disassembleShader
  api=9 insize=0 outsize=57 ok=1
Cmd: disassembleShader
  api=18 insize=0 outsize=1 ok=1
Cmd: disassembleShader
  api=5 insize=0 outsize=57 ok=1
Cmd: disassembleShader
  api=5 insize=0 outsize=57 ok=1
Cmd: disassembleShader
  api=9 insize=0 outsize=57 ok=1
Cmd: disassembleShader
  api=9 insize=0 outsize=57 ok=1
Cmd: disassembleShader
  api=5 insize=3733 outsize=3733 ok=1
Cmd: disassembleShader
  api=18 insize=2925 outsize=28917 ok=1
Cmd: disassembleShader
  api=5 insize=3777 outsize=3777 ok=1
Cmd: disassembleShader
  api=9 insize=4400 outsize=4400 ok=1
Cmd: disassembleShader
  api=5 insize=4092 outsize=4092 ok=1
Cmd: disassembleShader
  api=5 insize=4092 outsize=4092 ok=1
Cmd: disassembleShader
  api=18 insize=3092 outsize=30723 ok=1
Cmd: disassembleShader
  api=5 insize=4140 outsize=4140 ok=1
Cmd: disassembleShader
  api=9 insize=4652 outsize=4652 ok=1
Cmd: disassembleShader
  api=5 insize=4020 outsize=4020 ok=1
Cmd: disassembleShader
  api=9 insize=4763 outsize=4763 ok=1
Cmd: disassembleShader
  api=5 insize=4064 outsize=4064 ok=1
Cmd: disassembleShader
  api=18 insize=3150 outsize=30518 ok=1
Cmd: disassembleShader
  api=5 insize=4379 outsize=4379 ok=1
Cmd: disassembleShader
  api=9 insize=5015 outsize=5015 ok=1
Cmd: disassembleShader
  api=18 insize=3365 outsize=32899 ok=1
Cmd: disassembleShader
  api=5 insize=4427 outsize=4427 ok=1
Cmd: disassembleShader
  api=18 insize=3317 outsize=32317 ok=1
Cmd: disassembleShader
  api=9 insize=0 outsize=57 ok=1
Cmd: disassembleShader
  api=5 insize=0 outsize=57 ok=1
Cmd: disassembleShader
  api=9 insize=0 outsize=57 ok=1
Cmd: disassembleShader
  api=5 insize=0 outsize=57 ok=1
Cmd: disassembleShader
  api=9 insize=0 outsize=57 ok=1
Cmd: disassembleShader
  api=5 insize=0 outsize=57 ok=1
Cmd: disassembleShader
  api=18 insize=0 outsize=1 ok=1
Cmd: disassembleShader
  api=5 insize=0 outsize=57 ok=1
Cmd: disassembleShader
  api=9 insize=0 outsize=57 ok=1
Cmd: disassembleShader
  api=18 insize=0 outsize=1 ok=1
Cmd: disassembleShader
  api=5 insize=0 outsize=57 ok=1
Cmd: disassembleShader
  api=9 insize=0 outsize=57 ok=1
Cmd: disassembleShader
  api=18 insize=0 outsize=1 ok=1
Cmd: disassembleShader
  api=5 insize=0 outsize=57 ok=1
Cmd: disassembleShader
  api=9 insize=0 outsize=57 ok=1
Cmd: disassembleShader
  api=18 insize=0 outsize=1 ok=1
Cmd: disassembleShader
  api=5 insize=0 outsize=57 ok=1
Cmd: disassembleShader
  api=9 insize=0 outsize=57 ok=1
Cmd: disassembleShader
  api=18 insize=0 outsize=1 ok=1
Cmd: disassembleShader
  api=9 insize=4356 outsize=4356 ok=1
Cmd: disassembleShader
  api=18 insize=2764 outsize=27538 ok=1
Cmd: disassembleShader
  api=9 insize=4310 outsize=4310 ok=1
Cmd: disassembleShader
  api=18 insize=2738 outsize=27174 ok=1
Cmd: disassembleShader
  api=9 insize=4608 outsize=4608 ok=1
Cmd: disassembleShader
  api=18 insize=2936 outsize=29395 ok=1
Cmd: disassembleShader
  api=9 insize=4562 outsize=4562 ok=1
Cmd: disassembleShader
  api=18 insize=2910 outsize=29030 ok=1
Cmd: disassembleShader
  api=18 insize=3041 outsize=29779 ok=1
Cmd: disassembleShader
  api=9 insize=4623 outsize=4623 ok=1
Cmd: disassembleShader
  api=18 insize=3015 outsize=29415 ok=1
Cmd: disassembleShader
  api=5 insize=4678 outsize=4678 ok=1
Cmd: disassembleShader
  api=9 insize=4921 outsize=4921 ok=1
Cmd: disassembleShader
  api=5 insize=4558 outsize=4558 ok=1
Cmd: disassembleShader
  api=9 insize=4875 outsize=4875 ok=1
Cmd: disassembleShader
  api=18 insize=3187 outsize=31271 ok=1
Cmd: disassembleShader
  api=5 insize=0 outsize=57 ok=1
Cmd: disassembleShader
  api=5 insize=0 outsize=57 ok=1
Cmd: disassembleShader
  api=9 insize=0 outsize=57 ok=1
Cmd: disassembleShader
  api=18 insize=0 outsize=1 ok=1
Cmd: disassembleShader
  api=9 insize=0 outsize=57 ok=1
Cmd: disassembleShader
  api=18 insize=0 outsize=1 ok=1
Cmd: disassembleShader
  api=5 insize=0 outsize=57 ok=1
Cmd: disassembleShader
  api=18 insize=0 outsize=1 ok=1
Cmd: disassembleShader
  api=9 insize=0 outsize=57 ok=1
Cmd: disassembleShader
  api=9 insize=0 outsize=57 ok=1
Cmd: disassembleShader
  api=18 insize=0 outsize=1 ok=1
Cmd: disassembleShader
  api=5 insize=0 outsize=57 ok=1
Cmd: disassembleShader
  api=18 insize=0 outsize=1 ok=1
Cmd: disassembleShader
  api=18 insize=0 outsize=1 ok=1
Cmd: disassembleShader
  api=9 insize=0 outsize=57 ok=1
Cmd: disassembleShader
  api=18 insize=0 outsize=1 ok=1
Cmd: disassembleShader
  api=9 insize=0 outsize=57 ok=1
Cmd: disassembleShader
  api=18 insize=0 outsize=1 ok=1
Unhandled exception: Protocol error - failed to read correct magic number

Quitting shader compiler process
